  BaseComponent.cpp
C:\Users\david\Documents\GitHub\BackendWebsite.github.io\BackEnd Program\Universal C++ Code\BaseComponent.cpp(25,69): error C2440: '<function-style-cast>': cannot convert from 'nlohmann::basic_json<std::map,std::vector,std::string,bool,int64_t,uint64_t,double,std::allocator,nlohmann::adl_serializer>' to 'std::string'
C:\Users\david\Documents\GitHub\BackendWebsite.github.io\BackEnd Program\Universal C++ Code\BaseComponent.cpp(25,69): message : No constructor could take the source type, or constructor overload resolution was ambiguous
C:\Users\david\Documents\GitHub\BackendWebsite.github.io\BackEnd Program\Universal C++ Code\BaseComponent.cpp(25,70): error C2660: 'BaseComponent::WriteToCharArray': function does not take 1 arguments
C:\Users\david\Documents\GitHub\BackendWebsite.github.io\BackEnd Program\Universal C++ Code\BaseComponent.hpp(40,10): message : see declaration of 'BaseComponent::WriteToCharArray'
  ImageComponent.cpp
C:\Users\david\Documents\GitHub\BackendWebsite.github.io\BackEnd Program\Universal C++ Code\ImageComponent.cpp(53,75): error C2440: '<function-style-cast>': cannot convert from 'nlohmann::basic_json<std::map,std::vector,std::string,bool,int64_t,uint64_t,double,std::allocator,nlohmann::adl_serializer>' to 'std::string'
C:\Users\david\Documents\GitHub\BackendWebsite.github.io\BackEnd Program\Universal C++ Code\ImageComponent.cpp(53,75): message : No constructor could take the source type, or constructor overload resolution was ambiguous
C:\Users\david\Documents\GitHub\BackendWebsite.github.io\BackEnd Program\Universal C++ Code\ImageComponent.cpp(53,76): error C2660: 'BaseComponent::WriteToCharArray': function does not take 1 arguments
C:\Users\david\Documents\GitHub\BackendWebsite.github.io\BackEnd Program\Universal C++ Code\BaseComponent.hpp(40,10): message : see declaration of 'BaseComponent::WriteToCharArray'
  PortfolioSettings.cpp
C:\Users\david\Documents\GitHub\BackendWebsite.github.io\BackEnd Program\Universal C++ Code\PortfolioSettings.cpp(25,43): error C2593: 'operator =' is ambiguous
C:\Program Files (x86)\Microsoft Visual Studio\2019\Community\VC\Tools\MSVC\14.29.30133\include\xstring(2965,42): message : could be 'std::basic_string<char,std::char_traits<char>,std::allocator<char>> &std::basic_string<char,std::char_traits<char>,std::allocator<char>>::operator =(std::initializer_list<_Elem>)'
          with
          [
              _Elem=char
          ]
C:\Program Files (x86)\Microsoft Visual Studio\2019\Community\VC\Tools\MSVC\14.29.30133\include\xstring(2848,42): message : or       'std::basic_string<char,std::char_traits<char>,std::allocator<char>> &std::basic_string<char,std::char_traits<char>,std::allocator<char>>::operator =(std::basic_string<char,std::char_traits<char>,std::allocator<char>> &&) noexcept(<expr>)'
C:\Users\david\Documents\GitHub\BackendWebsite.github.io\BackEnd Program\Universal C++ Code\PortfolioSettings.cpp(25,43): message : while trying to match the argument list '(std::string, nlohmann::basic_json<std::map,std::vector,std::string,bool,int64_t,uint64_t,double,std::allocator,nlohmann::adl_serializer>)'
C:\Users\david\Documents\GitHub\BackendWebsite.github.io\BackEnd Program\Universal C++ Code\PortfolioSettings.cpp(26,55): error C2593: 'operator =' is ambiguous
C:\Program Files (x86)\Microsoft Visual Studio\2019\Community\VC\Tools\MSVC\14.29.30133\include\xstring(2965,42): message : could be 'std::basic_string<char,std::char_traits<char>,std::allocator<char>> &std::basic_string<char,std::char_traits<char>,std::allocator<char>>::operator =(std::initializer_list<_Elem>)'
          with
          [
              _Elem=char
          ]
C:\Program Files (x86)\Microsoft Visual Studio\2019\Community\VC\Tools\MSVC\14.29.30133\include\xstring(2848,42): message : or       'std::basic_string<char,std::char_traits<char>,std::allocator<char>> &std::basic_string<char,std::char_traits<char>,std::allocator<char>>::operator =(std::basic_string<char,std::char_traits<char>,std::allocator<char>> &&) noexcept(<expr>)'
C:\Users\david\Documents\GitHub\BackendWebsite.github.io\BackEnd Program\Universal C++ Code\PortfolioSettings.cpp(26,55): message : while trying to match the argument list '(std::string, nlohmann::basic_json<std::map,std::vector,std::string,bool,int64_t,uint64_t,double,std::allocator,nlohmann::adl_serializer>)'
  Portolfio.cpp
C:\Users\david\Documents\GitHub\BackendWebsite.github.io\BackEnd Program\Universal C++ Code\Portolfio.cpp(15,10): fatal error C1083: Cannot open include file: 'imgui.h': No such file or directory
  Project Data.cpp
C:\Users\david\Documents\GitHub\BackendWebsite.github.io\BackEnd Program\Universal C++ Code\Project Data.cpp(12,10): fatal error C1083: Cannot open include file: 'LinkComponenet.hpp': No such file or directory
  Project Main.cpp
C:\Users\david\Documents\GitHub\BackendWebsite.github.io\BackEnd Program\Universal C++ Code\Project Main.cpp(10,10): fatal error C1083: Cannot open include file: 'imgui.h': No such file or directory
  TextComponent.cpp
C:\Users\david\Documents\GitHub\BackendWebsite.github.io\BackEnd Program\Universal C++ Code\TextComponent.cpp(10,10): fatal error C1083: Cannot open include file: 'imgui.h': No such file or directory
  YoutubeEmbedComponent.cpp
C:\Users\david\Documents\GitHub\BackendWebsite.github.io\BackEnd Program\Universal C++ Code\YoutubeEmbedComponent.cpp(10,10): fatal error C1083: Cannot open include file: 'imgui.h': No such file or directory
  main.cpp
C:\Users\david\Documents\GitHub\BackendWebsite.github.io\BackEnd Program\Windowns Code\main.cpp(12,10): fatal error C1083: Cannot open include file: '../../Universal C++ Code/Project Main.hpp': No such file or directory
  Generating Code...
