c:\users\david\documents\github\backendwebsite.github.io\backend program\windowns code\windowsbackend\x64\debug\vc142.pdb
c:\users\david\documents\github\backendwebsite.github.io\backend program\windowns code\windowsbackend\x64\debug\vc142.idb
c:\users\david\documents\github\backendwebsite.github.io\backend program\windowns code\windowsbackend\x64\debug\imgui_widgets.obj
c:\users\david\documents\github\backendwebsite.github.io\backend program\windowns code\windowsbackend\x64\debug\imgui_tables.obj
c:\users\david\documents\github\backendwebsite.github.io\backend program\windowns code\windowsbackend\x64\debug\imgui_impl_win32.obj
c:\users\david\documents\github\backendwebsite.github.io\backend program\windowns code\windowsbackend\x64\debug\imgui_impl_dx11.obj
c:\users\david\documents\github\backendwebsite.github.io\backend program\windowns code\windowsbackend\x64\debug\imgui_draw.obj
c:\users\david\documents\github\backendwebsite.github.io\backend program\windowns code\windowsbackend\x64\debug\imgui_demo.obj
c:\users\david\documents\github\backendwebsite.github.io\backend program\windowns code\windowsbackend\x64\debug\imgui.obj
c:\users\david\documents\github\backendwebsite.github.io\backend program\windowns code\windowsbackend\x64\debug\portolfio.obj
c:\users\david\documents\github\backendwebsite.github.io\backend program\windowns code\windowsbackend\x64\debug\youtubeembedcomponent.obj
c:\users\david\documents\github\backendwebsite.github.io\backend program\windowns code\windowsbackend\x64\debug\imagecomponent.obj
c:\users\david\documents\github\backendwebsite.github.io\backend program\windowns code\windowsbackend\x64\debug\basecomponent.obj
c:\users\david\documents\github\backendwebsite.github.io\backend program\windowns code\windowsbackend\x64\debug\project main.obj
c:\users\david\documents\github\backendwebsite.github.io\backend program\windowns code\windowsbackend\x64\debug\main.obj
c:\users\david\documents\github\backendwebsite.github.io\backend program\windowns code\windowsbackend\x64\debug\textcomponent.obj
c:\users\david\documents\github\backendwebsite.github.io\backend program\windowns code\windowsbackend\x64\debug\project data.obj
c:\users\david\documents\github\backendwebsite.github.io\backend program\windowns code\windowsbackend\x64\debug\portfoliosettings.obj
c:\users\david\documents\github\backendwebsite.github.io\backend program\windowns code\windowsbackend\x64\debug\windowsbackend.res
c:\users\david\documents\github\backendwebsite.github.io\backend program\windowns code\x64\debug\windowsbackend.pdb
c:\users\david\documents\github\backendwebsite.github.io\backend program\windowns code\windowsbackend\x64\debug\windowsbackend.tlog\cl.command.1.tlog
c:\users\david\documents\github\backendwebsite.github.io\backend program\windowns code\windowsbackend\x64\debug\windowsbackend.tlog\cl.read.1.tlog
c:\users\david\documents\github\backendwebsite.github.io\backend program\windowns code\windowsbackend\x64\debug\windowsbackend.tlog\cl.write.1.tlog
c:\users\david\documents\github\backendwebsite.github.io\backend program\windowns code\windowsbackend\x64\debug\windowsbackend.tlog\link-cvtres.read.1.tlog
c:\users\david\documents\github\backendwebsite.github.io\backend program\windowns code\windowsbackend\x64\debug\windowsbackend.tlog\link-cvtres.write.1.tlog
c:\users\david\documents\github\backendwebsite.github.io\backend program\windowns code\windowsbackend\x64\debug\windowsbackend.tlog\link-rc.read.1.tlog
c:\users\david\documents\github\backendwebsite.github.io\backend program\windowns code\windowsbackend\x64\debug\windowsbackend.tlog\link-rc.write.1.tlog
c:\users\david\documents\github\backendwebsite.github.io\backend program\windowns code\windowsbackend\x64\debug\windowsbackend.tlog\link.command.1.tlog
c:\users\david\documents\github\backendwebsite.github.io\backend program\windowns code\windowsbackend\x64\debug\windowsbackend.tlog\link.read.1.tlog
c:\users\david\documents\github\backendwebsite.github.io\backend program\windowns code\windowsbackend\x64\debug\windowsbackend.tlog\link.write.1.tlog
c:\users\david\documents\github\backendwebsite.github.io\backend program\windowns code\windowsbackend\x64\debug\windowsbackend.tlog\rc.command.1.tlog
c:\users\david\documents\github\backendwebsite.github.io\backend program\windowns code\windowsbackend\x64\debug\windowsbackend.tlog\rc.read.1.tlog
c:\users\david\documents\github\backendwebsite.github.io\backend program\windowns code\windowsbackend\x64\debug\windowsbackend.tlog\rc.write.1.tlog
